<?xml version="1.0" encoding="UTF-8"?>
<testng-results ignored="0" total="1" passed="1" failed="0" skipped="0">
  <reporter-output>
  </reporter-output>
  <suite started-at="2020-02-21T05:12:56 IST" name="Default suite" finished-at="2020-02-21T05:12:56 IST" duration-ms="66">
    <groups>
    </groups>
    <test started-at="2020-02-21T05:12:56 IST" name="Default test" finished-at="2020-02-21T05:12:56 IST" duration-ms="66">
      <class name="TestNGTest">
        <test-method signature="testMethod()[pri:0, instance:TestNGTest@2d2e5f00]" started-at="2020-02-21T05:12:56 IST" name="testMethod" finished-at="2020-02-21T05:12:56 IST" duration-ms="13" status="PASS">
          <reporter-output>
          </reporter-output>
        </test-method> <!-- testMethod -->
      </class> <!-- TestNGTest -->
    </test> <!-- Default test -->
  </suite> <!-- Default suite -->
</testng-results>
